<?xml version="1.0" encoding="UTF-8"?>
<!-- Generated by org.testng.reporters.JUnitReportReporter -->
<testsuite hostname="Asus_KJP" failures="0" tests="2" name="TestNG.Demo" time="0.005" errors="0" timestamp="2024-09-17T17:06:18 PDT" skipped="0">
  <testcase classname="TestNG.Demo" name="test" time="0.003"/>
  <testcase classname="TestNG.Demo" name="test1" time="0.002"/>
</testsuite> <!-- TestNG.Demo -->
