<?xml version="1.0" encoding="UTF-8"?>
<!-- Generated by org.testng.reporters.JUnitReportReporter -->
<testsuite hostname="Asus_KJP" failures="0" tests="1" name="PopUp.AlertPopUpTest" time="35.059" errors="0" timestamp="2024-09-01T22:03:24 PDT" skipped="0">
  <testcase classname="PopUp.AlertPopUpTest" name="alertPopUpTest" time="35.059"/>
</testsuite> <!-- PopUp.AlertPopUpTest -->
