<?xml version="1.0" encoding="UTF-8"?>
<!-- Generated by org.testng.reporters.JUnitReportReporter -->
<testsuite hostname="Asus_KJP" failures="0" tests="3" name="TestNG.Day4" time="0.006" errors="0" timestamp="2024-09-18T14:04:21 PDT" skipped="1">
  <testcase classname="TestNG.Day4" name="WebLoginHomeLoan" time="0.003"/>
  <testcase classname="TestNG.Day4" name="MobileLoginHomeLoan" time="0.003"/>
  <testcase classname="TestNG.Day4" name="LoginAPIHomeLoan">
    <skipped/>
  </testcase> <!-- LoginAPIHomeLoan -->
</testsuite> <!-- TestNG.Day4 -->
