<?xml version="1.0" encoding="UTF-8"?>
<!-- Generated by org.testng.reporters.JUnitReportReporter -->
<testsuite hostname="Asus_KJP" failures="0" tests="3" name="TestNG.Day3" time="0.006" errors="0" timestamp="2024-09-18T14:04:21 PDT" skipped="0">
  <testcase classname="TestNG.Day3" name="MobileLoginCarLoan" time="0.002"/>
  <testcase classname="TestNG.Day3" name="APICarLoan" time="0.002"/>
  <testcase classname="TestNG.Day3" name="WebLoginCarLoan" time="0.002"/>
</testsuite> <!-- TestNG.Day3 -->
