<?xml version="1.0" encoding="UTF-8"?>
<!-- Generated by org.testng.reporters.JUnitReportReporter -->
<testsuite hostname="Asus_KJP" failures="0" tests="1" name="Screenshot.Screenshotexample" time="20.825" errors="0" timestamp="2024-09-01T22:43:10 PDT" skipped="0">
  <testcase classname="Screenshot.Screenshotexample" name="screenshot" time="20.825"/>
</testsuite> <!-- Screenshot.Screenshotexample -->
