<?xml version="1.0" encoding="UTF-8"?>
<!-- Generated by org.testng.reporters.JUnitReportReporter -->
<testsuite hostname="Asus_KJP" failures="0" tests="5" name="TestNG.Example1" time="0.008" errors="0" timestamp="2024-09-17T17:06:18 PDT" skipped="1">
  <testcase classname="TestNG.Example1" name="CreateContact" time="0.002"/>
  <testcase classname="TestNG.Example1" name="DeleteContact" time="0.002"/>
  <testcase classname="TestNG.Example1" name="DeleteContact" time="0.001"/>
  <testcase classname="TestNG.Example1" name="DeleteContact" time="0.003"/>
  <testcase classname="TestNG.Example1" name="ModifyContact">
    <skipped/>
  </testcase> <!-- ModifyContact -->
</testsuite> <!-- TestNG.Example1 -->
