<?xml version="1.0" encoding="UTF-8"?>
<!-- Generated by org.testng.reporters.JUnitReportReporter -->
<testsuite hostname="Asus_KJP" failures="0" tests="1" name="PopUp.AuthenticationPopUpTest" time="41.881" errors="0" timestamp="2024-09-01T22:03:24 PDT" skipped="0">
  <testcase classname="PopUp.AuthenticationPopUpTest" name="authenticationPopUpTest" time="41.881"/>
</testsuite> <!-- PopUp.AuthenticationPopUpTest -->
