<?xml version="1.0" encoding="UTF-8"?>
<!-- Generated by org.testng.reporters.JUnitReportReporter -->
<testsuite hostname="Asus_KJP" failures="0" tests="2" name="Assertion.HardAssertionexample" time="0.068" errors="0" timestamp="2024-09-01T22:13:12 PDT" skipped="0">
  <testcase classname="Assertion.HardAssertionexample" name="m2" time="0.006"/>
  <testcase classname="Assertion.HardAssertionexample" name="m1" time="0.062"/>
</testsuite> <!-- Assertion.HardAssertionexample -->
