<?xml version="1.0" encoding="UTF-8"?>
<!-- Generated by org.testng.reporters.JUnitReportReporter -->
<testsuite hostname="Asus_KJP" failures="0" tests="2" name="TestNG.Day1" time="0.024" errors="0" timestamp="2024-09-18T14:04:21 PDT" skipped="0">
  <testcase classname="TestNG.Day1" name="Demo" time="0.022"/>
  <testcase classname="TestNG.Day1" name="SecondTest" time="0.002"/>
</testsuite> <!-- TestNG.Day1 -->
