<?xml version="1.0" encoding="UTF-8"?>
<!-- Generated by org.testng.reporters.JUnitReportReporter -->
<testsuite hostname="Asus_KJP" failures="0" tests="1" name="TestNG.Day2" time="0.004" errors="0" timestamp="2024-09-18T14:04:21 PDT" skipped="0">
  <testcase classname="TestNG.Day2" name="ploan" time="0.004"/>
</testsuite> <!-- TestNG.Day2 -->
